:downloadClient SKIPPED
:downloadServer SKIPPED
:getVersionJson
:extractUserDev UP-TO-DATE
:mergeJars SKIPPED
:applyBinPatches SKIPPED
:downloadMcpTools SKIPPED
:extractMcpData UP-TO-DATE
:genSrgs SKIPPED
:deobfBinJar SKIPPED
:compileApiJava UP-TO-DATE
:processApiResources UP-TO-DATE
:apiClasses UP-TO-DATE
:sourceMainJava
:compileJavawarning: [options] bootstrap class path not set in conjunction with -source 1.6
1 warning

:processResources UP-TO-DATE
:classes
:jar
:compileTestJava UP-TO-DATE
:processTestResources UP-TO-DATE
:testClasses UP-TO-DATE
:test UP-TO-DATE
:reobf
:assemble
:check UP-TO-DATE
:build

BUILD SUCCESSFUL

Total time: 5.368 secs
